#! /opt/homebrew/Cellar/icarus-verilog/12.0/bin/vvp
:ivl_version "12.0 (stable)";
:ivl_delay_selection "TYPICAL";
:vpi_time_precision - 12;
:vpi_module "/opt/homebrew/Cellar/icarus-verilog/12.0/lib/ivl/system.vpi";
:vpi_module "/opt/homebrew/Cellar/icarus-verilog/12.0/lib/ivl/vhdl_sys.vpi";
:vpi_module "/opt/homebrew/Cellar/icarus-verilog/12.0/lib/ivl/vhdl_textio.vpi";
:vpi_module "/opt/homebrew/Cellar/icarus-verilog/12.0/lib/ivl/v2005_math.vpi";
:vpi_module "/opt/homebrew/Cellar/icarus-verilog/12.0/lib/ivl/va_math.vpi";
:vpi_module "/opt/homebrew/Cellar/icarus-verilog/12.0/lib/ivl/v2009.vpi";
S_0x15af0b7f0 .scope package, "$unit" "$unit" 2 1;
 .timescale 0 0;
S_0x15af05920 .scope module, "in_triangle_tb" "in_triangle_tb" 3 4;
 .timescale -9 -12;
v0x15af2e1b0_0 .var "clk", 0 0;
v0x15af2e240_0 .net "in_tri", 0 0, v0x15af2d400_0;  1 drivers
v0x15af2e2d0_0 .var "rst", 0 0;
v0x15af2e360 .array "v1", 0 2, 8 0;
v0x15af2e3f0 .array "v2", 0 2, 8 0;
v0x15af2e4e0 .array "v3", 0 2, 8 0;
v0x15af2e5d0_0 .var "valid_in", 0 0;
v0x15af2e680_0 .net "valid_out", 0 0, v0x15af2da50_0;  1 drivers
v0x15af2e730_0 .var "x", 8 0;
v0x15af2e860_0 .var "y", 8 0;
S_0x15af05a90 .scope begin, "$ivl_for_loop0" "$ivl_for_loop0" 3 52, 3 52 0, S_0x15af05920;
 .timescale -9 -12;
v0x15af29790_0 .var/i "i", 31 0;
S_0x15af1a860 .scope begin, "$ivl_for_loop1" "$ivl_for_loop1" 3 53, 3 53 0, S_0x15af05a90;
 .timescale -9 -12;
v0x15af0d6f0_0 .var/i "j", 31 0;
S_0x15af29850 .scope module, "uut" "in_triangle" 3 17, 4 1 0, S_0x15af05920;
 .timescale -9 -12;
    .port_info 0 /INPUT 1 "clk_in";
    .port_info 1 /INPUT 1 "rst_in";
    .port_info 2 /INPUT 27 "v1";
    .port_info 3 /INPUT 27 "v2";
    .port_info 4 /INPUT 27 "v3";
    .port_info 5 /INPUT 9 "x";
    .port_info 6 /INPUT 9 "y";
    .port_info 7 /INPUT 1 "valid_in";
    .port_info 8 /OUTPUT 1 "in_tri";
    .port_info 9 /OUTPUT 1 "valid_out";
L_0x15af2f4a0 .functor BUFZ 10, L_0x15af2eb70, C4<0000000000>, C4<0000000000>, C4<0000000000>;
L_0x15af2f510 .functor BUFZ 10, L_0x15af2ea30, C4<0000000000>, C4<0000000000>, C4<0000000000>;
L_0x15af32ed0 .functor XOR 1, L_0x15af32d90, L_0x15af32e30, C4<0>, C4<0>;
L_0x15af333c0 .functor NOT 1, L_0x15af32ed0, C4<0>, C4<0>, C4<0>;
L_0x15af33590 .functor AND 1, L_0x15af333c0, L_0x15af33470, C4<1>, C4<1>;
L_0x15af33110 .functor OR 1, L_0x15af33590, L_0x15af33680, C4<0>, C4<0>;
L_0x15af33970 .functor XOR 1, L_0x15af33200, L_0x15af332a0, C4<0>, C4<0>;
L_0x15af33b80 .functor AND 1, L_0x15af33970, L_0x15af33aa0, C4<1>, C4<1>;
L_0x15af33720 .functor OR 1, L_0x15af33b80, L_0x15af33c70, C4<0>, C4<0>;
L_0x160078010 .functor BUFT 1, C4<0>, C4<0>, C4<0>, C4<0>;
v0x15af29ba0_0 .net/2u *"_ivl_1", 0 0, L_0x160078010;  1 drivers
v0x15af29c50_0 .net/s *"_ivl_101", 16 0, L_0x15af2ffa0;  1 drivers
v0x15af29d00_0 .net/s *"_ivl_104", 16 0, L_0x15af30120;  1 drivers
v0x15af29dc0_0 .net/s *"_ivl_107", 16 0, L_0x15af301c0;  1 drivers
v0x15af29e70_0 .net/s *"_ivl_111", 16 0, L_0x15af303f0;  1 drivers
v0x15af29f60_0 .net/s *"_ivl_114", 16 0, L_0x15af30590;  1 drivers
v0x15af2a010_0 .net/s *"_ivl_117", 16 0, L_0x15af302a0;  1 drivers
v0x15af2a0c0_0 .net/s *"_ivl_119", 16 0, L_0x15af30780;  1 drivers
v0x15af2a170_0 .net/s *"_ivl_122", 16 0, L_0x15af30820;  1 drivers
v0x15af2a280_0 .net/s *"_ivl_125", 16 0, L_0x15af309a0;  1 drivers
v0x15af2a330_0 .net/s *"_ivl_129", 16 0, L_0x15af30bd0;  1 drivers
L_0x1600780a0 .functor BUFT 1, C4<0>, C4<0>, C4<0>, C4<0>;
v0x15af2a3e0_0 .net/2u *"_ivl_13", 0 0, L_0x1600780a0;  1 drivers
v0x15af2a490_0 .net/s *"_ivl_132", 16 0, L_0x15af30900;  1 drivers
v0x15af2a540_0 .net/s *"_ivl_135", 16 0, L_0x15af30df0;  1 drivers
v0x15af2a5f0_0 .net/s *"_ivl_137", 16 0, L_0x15af30b20;  1 drivers
v0x15af2a6a0_0 .net/s *"_ivl_140", 16 0, L_0x15af30cf0;  1 drivers
v0x15af2a750_0 .net/s *"_ivl_143", 16 0, L_0x15af31060;  1 drivers
v0x15af2a8e0_0 .net/s *"_ivl_147", 16 0, L_0x15af31220;  1 drivers
v0x15af2a970_0 .net/s *"_ivl_150", 16 0, L_0x15af31100;  1 drivers
v0x15af2aa20_0 .net/s *"_ivl_153", 16 0, L_0x15af313f0;  1 drivers
v0x15af2aad0_0 .net/s *"_ivl_155", 16 0, L_0x15af312c0;  1 drivers
v0x15af2ab80_0 .net/s *"_ivl_158", 16 0, L_0x15af315d0;  1 drivers
v0x15af2ac30_0 .net/s *"_ivl_161", 16 0, L_0x15af31490;  1 drivers
v0x15af2ace0_0 .net/s *"_ivl_165", 16 0, L_0x15af31670;  1 drivers
v0x15af2ad90_0 .net/s *"_ivl_168", 16 0, L_0x15af31710;  1 drivers
v0x15af2ae40_0 .net/s *"_ivl_171", 16 0, L_0x15af31860;  1 drivers
v0x15af2aef0_0 .net/s *"_ivl_173", 16 0, L_0x15af31bb0;  1 drivers
v0x15af2afa0_0 .net/s *"_ivl_176", 16 0, L_0x15af31a40;  1 drivers
v0x15af2b050_0 .net/s *"_ivl_179", 16 0, L_0x15af31ae0;  1 drivers
v0x15af2b100_0 .net *"_ivl_187", 0 0, L_0x15af32220;  1 drivers
v0x15af2b1b0_0 .net *"_ivl_189", 15 0, L_0x15af32080;  1 drivers
L_0x1600780e8 .functor BUFT 1, C4<0>, C4<0>, C4<0>, C4<0>;
v0x15af2b260_0 .net/2u *"_ivl_19", 0 0, L_0x1600780e8;  1 drivers
L_0x160078328 .functor BUFT 1, C4<0000000000000000>, C4<0>, C4<0>, C4<0>;
v0x15af2b310_0 .net *"_ivl_190", 15 0, L_0x160078328;  1 drivers
v0x15af2a800_0 .net *"_ivl_193", 15 0, L_0x15af32120;  1 drivers
v0x15af2b5a0_0 .net *"_ivl_195", 15 0, L_0x15af322c0;  1 drivers
v0x15af2b630_0 .net *"_ivl_199", 0 0, L_0x15af324b0;  1 drivers
v0x15af2b6d0_0 .net *"_ivl_201", 15 0, L_0x15af32590;  1 drivers
L_0x160078370 .functor BUFT 1, C4<0000000000000000>, C4<0>, C4<0>, C4<0>;
v0x15af2b780_0 .net *"_ivl_202", 15 0, L_0x160078370;  1 drivers
v0x15af2b830_0 .net *"_ivl_205", 15 0, L_0x15af328f0;  1 drivers
v0x15af2b8e0_0 .net *"_ivl_207", 15 0, L_0x15af329f0;  1 drivers
v0x15af2b990_0 .net *"_ivl_211", 0 0, L_0x15af32830;  1 drivers
v0x15af2ba40_0 .net *"_ivl_213", 15 0, L_0x15af32b10;  1 drivers
L_0x1600783b8 .functor BUFT 1, C4<0000000000000000>, C4<0>, C4<0>, C4<0>;
v0x15af2baf0_0 .net *"_ivl_214", 15 0, L_0x1600783b8;  1 drivers
v0x15af2bba0_0 .net *"_ivl_217", 15 0, L_0x15af32bb0;  1 drivers
v0x15af2bc50_0 .net *"_ivl_219", 15 0, L_0x15af32f50;  1 drivers
v0x15af2bd00_0 .net *"_ivl_223", 0 0, L_0x15af32d90;  1 drivers
v0x15af2bdb0_0 .net *"_ivl_225", 0 0, L_0x15af32e30;  1 drivers
v0x15af2be60_0 .net *"_ivl_226", 0 0, L_0x15af32ed0;  1 drivers
v0x15af2bf10_0 .net *"_ivl_228", 0 0, L_0x15af333c0;  1 drivers
v0x15af2bfc0_0 .net *"_ivl_230", 0 0, L_0x15af33470;  1 drivers
v0x15af2c060_0 .net *"_ivl_232", 0 0, L_0x15af33590;  1 drivers
v0x15af2c110_0 .net *"_ivl_235", 0 0, L_0x15af33680;  1 drivers
v0x15af2c1b0_0 .net *"_ivl_239", 0 0, L_0x15af33200;  1 drivers
v0x15af2c260_0 .net *"_ivl_241", 0 0, L_0x15af332a0;  1 drivers
v0x15af2c310_0 .net *"_ivl_242", 0 0, L_0x15af33970;  1 drivers
v0x15af2c3c0_0 .net *"_ivl_244", 0 0, L_0x15af33aa0;  1 drivers
v0x15af2c460_0 .net *"_ivl_246", 0 0, L_0x15af33b80;  1 drivers
v0x15af2c510_0 .net *"_ivl_249", 0 0, L_0x15af33c70;  1 drivers
L_0x160078130 .functor BUFT 1, C4<0>, C4<0>, C4<0>, C4<0>;
v0x15af2c5b0_0 .net/2u *"_ivl_25", 0 0, L_0x160078130;  1 drivers
L_0x160078178 .functor BUFT 1, C4<0>, C4<0>, C4<0>, C4<0>;
v0x15af2c660_0 .net/2u *"_ivl_31", 0 0, L_0x160078178;  1 drivers
L_0x1600781c0 .functor BUFT 1, C4<0>, C4<0>, C4<0>, C4<0>;
v0x15af2c710_0 .net/2u *"_ivl_37", 0 0, L_0x1600781c0;  1 drivers
L_0x160078208 .functor BUFT 1, C4<0>, C4<0>, C4<0>, C4<0>;
v0x15af2c7c0_0 .net/2u *"_ivl_43", 0 0, L_0x160078208;  1 drivers
L_0x160078250 .functor BUFT 1, C4<0>, C4<0>, C4<0>, C4<0>;
v0x15af2c870_0 .net/2u *"_ivl_49", 0 0, L_0x160078250;  1 drivers
L_0x160078058 .functor BUFT 1, C4<0>, C4<0>, C4<0>, C4<0>;
v0x15af2c920_0 .net/2u *"_ivl_7", 0 0, L_0x160078058;  1 drivers
L_0x160078298 .functor BUFT 1, C4<0>, C4<0>, C4<0>, C4<0>;
v0x15af2c9d0_0 .net *"_ivl_86", 0 0, L_0x160078298;  1 drivers
L_0x1600782e0 .functor BUFT 1, C4<0>, C4<0>, C4<0>, C4<0>;
v0x15af2b3c0_0 .net *"_ivl_91", 0 0, L_0x1600782e0;  1 drivers
v0x15af2b470_0 .net/s *"_ivl_93", 16 0, L_0x15af2fcf0;  1 drivers
v0x15af2ca60_0 .net/s *"_ivl_96", 16 0, L_0x15af2fd90;  1 drivers
v0x15af2caf0_0 .net/s *"_ivl_99", 16 0, L_0x15af2ff00;  1 drivers
v0x15af2cb80_0 .net "a", 0 0, L_0x15af33110;  1 drivers
v0x15af2cc10_0 .net/s "a_num", 16 0, L_0x15af31fa0;  1 drivers
v0x15af2cca0_0 .net "a_raw", 15 0, L_0x15af32670;  1 drivers
v0x15af2cd40_0 .net "b", 0 0, L_0x15af33720;  1 drivers
v0x15af2cde0_0 .net/s "b_num", 16 0, L_0x15af31e10;  1 drivers
v0x15af2ce90_0 .net "b_raw", 15 0, L_0x15af32710;  1 drivers
v0x15af2cf40_0 .net "clk_in", 0 0, v0x15af2e1b0_0;  1 drivers
v0x15af2cfe0_0 .net "det_raw", 15 0, L_0x15af33070;  1 drivers
v0x15af2d090_0 .net/s "detv0v1", 16 0, L_0x15af31c50;  1 drivers
v0x15af2d140_0 .net/s "detv0v2", 16 0, L_0x15af30ed0;  1 drivers
v0x15af2d1f0_0 .net/s "detv1v2", 16 0, L_0x15af30080;  1 drivers
v0x15af2d2a0_0 .net/s "detvv1", 16 0, L_0x15af31530;  1 drivers
v0x15af2d350_0 .net/s "detvv2", 16 0, L_0x15af306b0;  1 drivers
v0x15af2d400_0 .var "in_tri", 0 0;
v0x15af2d4a0_0 .net "rst_in", 0 0, v0x15af2e2d0_0;  1 drivers
v0x15af2d540 .array "v", 0 1;
v0x15af2d540_0 .net/s v0x15af2d540 0, 9 0, L_0x15af2fbd0; 1 drivers
v0x15af2d540_1 .net/s v0x15af2d540 1, 9 0, L_0x15af2fb30; 1 drivers
v0x15af2d610 .array "v0", 0 1;
v0x15af2d610_0 .net/s v0x15af2d610 0, 9 0, L_0x15af2f510; 1 drivers
v0x15af2d610_1 .net/s v0x15af2d610 1, 9 0, L_0x15af2f4a0; 1 drivers
v0x15af2e360_0 .array/port v0x15af2e360, 0;
v0x15af2d6e0 .array "v1", 0 2;
v0x15af2d6e0_0 .net v0x15af2d6e0 0, 8 0, v0x15af2e360_0; 1 drivers
v0x15af2e360_1 .array/port v0x15af2e360, 1;
v0x15af2d6e0_1 .net v0x15af2d6e0 1, 8 0, v0x15af2e360_1; 1 drivers
v0x15af2e360_2 .array/port v0x15af2e360, 2;
v0x15af2d6e0_2 .net v0x15af2d6e0 2, 8 0, v0x15af2e360_2; 1 drivers
v0x15af2e3f0_0 .array/port v0x15af2e3f0, 0;
v0x15af2d7d0 .array "v2", 0 2;
v0x15af2d7d0_0 .net v0x15af2d7d0 0, 8 0, v0x15af2e3f0_0; 1 drivers
v0x15af2e3f0_1 .array/port v0x15af2e3f0, 1;
v0x15af2d7d0_1 .net v0x15af2d7d0 1, 8 0, v0x15af2e3f0_1; 1 drivers
v0x15af2e3f0_2 .array/port v0x15af2e3f0, 2;
v0x15af2d7d0_2 .net v0x15af2d7d0 2, 8 0, v0x15af2e3f0_2; 1 drivers
v0x15af2e4e0_0 .array/port v0x15af2e4e0, 0;
v0x15af2d8c0 .array "v3", 0 2;
v0x15af2d8c0_0 .net v0x15af2d8c0 0, 8 0, v0x15af2e4e0_0; 1 drivers
v0x15af2e4e0_1 .array/port v0x15af2e4e0, 1;
v0x15af2d8c0_1 .net v0x15af2d8c0 1, 8 0, v0x15af2e4e0_1; 1 drivers
v0x15af2e4e0_2 .array/port v0x15af2e4e0, 2;
v0x15af2d8c0_2 .net v0x15af2d8c0 2, 8 0, v0x15af2e4e0_2; 1 drivers
v0x15af2d9b0_0 .net "valid_in", 0 0, v0x15af2e5d0_0;  1 drivers
v0x15af2da50_0 .var "valid_out", 0 0;
v0x15af2daf0 .array "vect1", 0 1;
v0x15af2daf0_0 .net/s v0x15af2daf0 0, 9 0, L_0x15af2f6c0; 1 drivers
v0x15af2daf0_1 .net/s v0x15af2daf0 1, 9 0, L_0x15af2f5c0; 1 drivers
v0x15af2dbc0 .array "vect2", 0 1;
v0x15af2dbc0_0 .net/s v0x15af2dbc0 0, 9 0, L_0x15af2f9a0; 1 drivers
v0x15af2dbc0_1 .net/s v0x15af2dbc0 1, 9 0, L_0x15af2f820; 1 drivers
v0x15af2dc90 .array "vert1", 0 2;
v0x15af2dc90_0 .net/s v0x15af2dc90 0, 9 0, L_0x15af2e8f0; 1 drivers
v0x15af2dc90_1 .net/s v0x15af2dc90 1, 9 0, L_0x15af2ea30; 1 drivers
v0x15af2dc90_2 .net/s v0x15af2dc90 2, 9 0, L_0x15af2eb70; 1 drivers
v0x15af2dd80 .array "vert2", 0 2;
v0x15af2dd80_0 .net/s v0x15af2dd80 0, 9 0, L_0x15af2ecb0; 1 drivers
v0x15af2dd80_1 .net/s v0x15af2dd80 1, 9 0, L_0x15af2ee30; 1 drivers
v0x15af2dd80_2 .net/s v0x15af2dd80 2, 9 0, L_0x15af2ef50; 1 drivers
v0x15af2de70 .array "vert3", 0 2;
v0x15af2de70_0 .net/s v0x15af2de70 0, 9 0, L_0x15af2f050; 1 drivers
v0x15af2de70_1 .net/s v0x15af2de70 1, 9 0, L_0x15af2f1d0; 1 drivers
v0x15af2de70_2 .net/s v0x15af2de70 2, 9 0, L_0x15af2f370; 1 drivers
v0x15af2df60_0 .net "x", 8 0, v0x15af2e730_0;  1 drivers
v0x15af2e010_0 .net "y", 8 0, v0x15af2e860_0;  1 drivers
E_0x15af29b60 .event posedge, v0x15af2cf40_0;
L_0x15af2e8f0 .concat [ 9 1 0 0], v0x15af2e360_0, L_0x160078010;
L_0x15af2ea30 .concat [ 9 1 0 0], v0x15af2e360_1, L_0x160078058;
L_0x15af2eb70 .concat [ 9 1 0 0], v0x15af2e360_2, L_0x1600780a0;
L_0x15af2ecb0 .concat [ 9 1 0 0], v0x15af2e3f0_0, L_0x1600780e8;
L_0x15af2ee30 .concat [ 9 1 0 0], v0x15af2e3f0_1, L_0x160078130;
L_0x15af2ef50 .concat [ 9 1 0 0], v0x15af2e3f0_2, L_0x160078178;
L_0x15af2f050 .concat [ 9 1 0 0], v0x15af2e4e0_0, L_0x1600781c0;
L_0x15af2f1d0 .concat [ 9 1 0 0], v0x15af2e4e0_1, L_0x160078208;
L_0x15af2f370 .concat [ 9 1 0 0], v0x15af2e4e0_2, L_0x160078250;
L_0x15af2f5c0 .arith/sub 10, L_0x15af2ef50, L_0x15af2eb70;
L_0x15af2f6c0 .arith/sub 10, L_0x15af2ee30, L_0x15af2ea30;
L_0x15af2f820 .arith/sub 10, L_0x15af2f370, L_0x15af2eb70;
L_0x15af2f9a0 .arith/sub 10, L_0x15af2f1d0, L_0x15af2ea30;
L_0x15af2fb30 .concat [ 9 1 0 0], v0x15af2e730_0, L_0x160078298;
L_0x15af2fbd0 .concat [ 9 1 0 0], v0x15af2e860_0, L_0x1600782e0;
L_0x15af2fcf0 .extend/s 17, L_0x15af2f5c0;
L_0x15af2fd90 .extend/s 17, L_0x15af2f9a0;
L_0x15af2ff00 .arith/mult 17, L_0x15af2fcf0, L_0x15af2fd90;
L_0x15af2ffa0 .extend/s 17, L_0x15af2f6c0;
L_0x15af30120 .extend/s 17, L_0x15af2f820;
L_0x15af301c0 .arith/mult 17, L_0x15af2ffa0, L_0x15af30120;
L_0x15af30080 .arith/sub 17, L_0x15af2ff00, L_0x15af301c0;
L_0x15af303f0 .extend/s 17, L_0x15af2fb30;
L_0x15af30590 .extend/s 17, L_0x15af2f9a0;
L_0x15af302a0 .arith/mult 17, L_0x15af303f0, L_0x15af30590;
L_0x15af30780 .extend/s 17, L_0x15af2fbd0;
L_0x15af30820 .extend/s 17, L_0x15af2f820;
L_0x15af309a0 .arith/mult 17, L_0x15af30780, L_0x15af30820;
L_0x15af306b0 .arith/sub 17, L_0x15af302a0, L_0x15af309a0;
L_0x15af30bd0 .extend/s 17, L_0x15af2f4a0;
L_0x15af30900 .extend/s 17, L_0x15af2f9a0;
L_0x15af30df0 .arith/mult 17, L_0x15af30bd0, L_0x15af30900;
L_0x15af30b20 .extend/s 17, L_0x15af2f510;
L_0x15af30cf0 .extend/s 17, L_0x15af2f820;
L_0x15af31060 .arith/mult 17, L_0x15af30b20, L_0x15af30cf0;
L_0x15af30ed0 .arith/sub 17, L_0x15af30df0, L_0x15af31060;
L_0x15af31220 .extend/s 17, L_0x15af2fb30;
L_0x15af31100 .extend/s 17, L_0x15af2f6c0;
L_0x15af313f0 .arith/mult 17, L_0x15af31220, L_0x15af31100;
L_0x15af312c0 .extend/s 17, L_0x15af2fbd0;
L_0x15af315d0 .extend/s 17, L_0x15af2f5c0;
L_0x15af31490 .arith/mult 17, L_0x15af312c0, L_0x15af315d0;
L_0x15af31530 .arith/sub 17, L_0x15af313f0, L_0x15af31490;
L_0x15af31670 .extend/s 17, L_0x15af2f4a0;
L_0x15af31710 .extend/s 17, L_0x15af2f6c0;
L_0x15af31860 .arith/mult 17, L_0x15af31670, L_0x15af31710;
L_0x15af31bb0 .extend/s 17, L_0x15af2f510;
L_0x15af31a40 .extend/s 17, L_0x15af2f5c0;
L_0x15af31ae0 .arith/mult 17, L_0x15af31bb0, L_0x15af31a40;
L_0x15af31c50 .arith/sub 17, L_0x15af31860, L_0x15af31ae0;
L_0x15af31fa0 .arith/sub 17, L_0x15af306b0, L_0x15af30ed0;
L_0x15af31e10 .arith/sub 17, L_0x15af31530, L_0x15af31c50;
L_0x15af32220 .part L_0x15af31fa0, 16, 1;
L_0x15af32080 .part L_0x15af31fa0, 0, 16;
L_0x15af32120 .arith/sub 16, L_0x160078328, L_0x15af32080;
L_0x15af322c0 .part L_0x15af31fa0, 0, 16;
L_0x15af32670 .functor MUXZ 16, L_0x15af322c0, L_0x15af32120, L_0x15af32220, C4<>;
L_0x15af324b0 .part L_0x15af31e10, 16, 1;
L_0x15af32590 .part L_0x15af31e10, 0, 16;
L_0x15af328f0 .arith/sub 16, L_0x160078370, L_0x15af32590;
L_0x15af329f0 .part L_0x15af31e10, 0, 16;
L_0x15af32710 .functor MUXZ 16, L_0x15af329f0, L_0x15af328f0, L_0x15af324b0, C4<>;
L_0x15af32830 .part L_0x15af30080, 16, 1;
L_0x15af32b10 .part L_0x15af30080, 0, 16;
L_0x15af32bb0 .arith/sub 16, L_0x1600783b8, L_0x15af32b10;
L_0x15af32f50 .part L_0x15af30080, 0, 16;
L_0x15af33070 .functor MUXZ 16, L_0x15af32f50, L_0x15af32bb0, L_0x15af32830, C4<>;
L_0x15af32d90 .part L_0x15af30080, 16, 1;
L_0x15af32e30 .part L_0x15af31fa0, 16, 1;
L_0x15af33470 .cmp/ge 16, L_0x15af33070, L_0x15af32670;
L_0x15af33680 .reduce/nor L_0x15af32670;
L_0x15af33200 .part L_0x15af30080, 16, 1;
L_0x15af332a0 .part L_0x15af31e10, 16, 1;
L_0x15af33aa0 .cmp/ge 16, L_0x15af33070, L_0x15af32710;
L_0x15af33c70 .reduce/nor L_0x15af32710;
    .scope S_0x15af29850;
T_0 ;
    %wait E_0x15af29b60;
    %load/vec4 v0x15af2d4a0_0;
    %flag_set/vec4 8;
    %jmp/0xz  T_0.0, 8;
    %pushi/vec4 0, 0, 1;
    %assign/vec4 v0x15af2da50_0, 0;
    %pushi/vec4 0, 0, 1;
    %assign/vec4 v0x15af2d400_0, 0;
    %jmp T_0.1;
T_0.0 ;
    %load/vec4 v0x15af2d9b0_0;
    %flag_set/vec4 8;
    %jmp/0xz  T_0.2, 8;
    %load/vec4 v0x15af2cb80_0;
    %load/vec4 v0x15af2cd40_0;
    %and;
    %load/vec4 v0x15af2cca0_0;
    %load/vec4 v0x15af2ce90_0;
    %add;
    %load/vec4 v0x15af2cfe0_0;
    %cmp/u;
    %flag_get/vec4 4;
    %flag_get/vec4 5;
    %or;
    %and;
    %assign/vec4 v0x15af2d400_0, 0;
    %pushi/vec4 1, 0, 1;
    %assign/vec4 v0x15af2da50_0, 0;
    %jmp T_0.3;
T_0.2 ;
    %pushi/vec4 0, 0, 1;
    %assign/vec4 v0x15af2da50_0, 0;
    %pushi/vec4 0, 0, 1;
    %assign/vec4 v0x15af2d400_0, 0;
T_0.3 ;
T_0.1 ;
    %jmp T_0;
    .thread T_0;
    .scope S_0x15af05920;
T_1 ;
    %load/vec4 v0x15af2e1b0_0;
    %nor/r;
    %store/vec4 v0x15af2e1b0_0, 0, 1;
    %delay 5000, 0;
    %jmp T_1;
    .thread T_1;
    .scope S_0x15af05920;
T_2 ;
    %vpi_call/w 3 36 "$dumpfile", "in_triangle_tb.vcd" {0 0 0};
    %vpi_call/w 3 37 "$dumpvars", 32'sb00000000000000000000000000000000, S_0x15af05920 {0 0 0};
    %vpi_call/w 3 38 "$display", "Starting Sim" {0 0 0};
    %pushi/vec4 0, 0, 1;
    %store/vec4 v0x15af2e1b0_0, 0, 1;
    %pushi/vec4 0, 0, 1;
    %store/vec4 v0x15af2e2d0_0, 0, 1;
    %delay 5000, 0;
    %pushi/vec4 1, 0, 1;
    %store/vec4 v0x15af2e2d0_0, 0, 1;
    %delay 10000, 0;
    %pushi/vec4 0, 0, 1;
    %store/vec4 v0x15af2e2d0_0, 0, 1;
    %delay 5000, 0;
    %pushi/vec4 2, 0, 9;
    %ix/load 4, 2, 0;
    %flag_set/imm 4, 0;
    %store/vec4a v0x15af2e360, 4, 0;
    %pushi/vec4 4, 0, 9;
    %ix/load 4, 1, 0;
    %flag_set/imm 4, 0;
    %store/vec4a v0x15af2e360, 4, 0;
    %pushi/vec4 4, 0, 9;
    %ix/load 4, 2, 0;
    %flag_set/imm 4, 0;
    %store/vec4a v0x15af2e3f0, 4, 0;
    %pushi/vec4 1, 0, 9;
    %ix/load 4, 1, 0;
    %flag_set/imm 4, 0;
    %store/vec4a v0x15af2e3f0, 4, 0;
    %pushi/vec4 0, 0, 9;
    %ix/load 4, 2, 0;
    %flag_set/imm 4, 0;
    %store/vec4a v0x15af2e4e0, 4, 0;
    %pushi/vec4 0, 0, 9;
    %ix/load 4, 1, 0;
    %flag_set/imm 4, 0;
    %store/vec4a v0x15af2e4e0, 4, 0;
    %fork t_1, S_0x15af05a90;
    %jmp t_0;
    .scope S_0x15af05a90;
t_1 ;
    %pushi/vec4 0, 0, 32;
    %store/vec4 v0x15af29790_0, 0, 32;
T_2.0 ;
    %load/vec4 v0x15af29790_0;
    %cmpi/s 4, 0, 32;
    %flag_or 5, 4;
    %jmp/0xz T_2.1, 5;
    %fork t_3, S_0x15af1a860;
    %jmp t_2;
    .scope S_0x15af1a860;
t_3 ;
    %pushi/vec4 0, 0, 32;
    %store/vec4 v0x15af0d6f0_0, 0, 32;
T_2.2 ;
    %load/vec4 v0x15af0d6f0_0;
    %cmpi/s 4, 0, 32;
    %flag_or 5, 4;
    %jmp/0xz T_2.3, 5;
    %load/vec4 v0x15af29790_0;
    %pad/s 9;
    %store/vec4 v0x15af2e730_0, 0, 9;
    %load/vec4 v0x15af0d6f0_0;
    %pad/s 9;
    %store/vec4 v0x15af2e860_0, 0, 9;
    %pushi/vec4 1, 0, 1;
    %store/vec4 v0x15af2e5d0_0, 0, 1;
    %delay 10000, 0;
    %pushi/vec4 0, 0, 1;
    %store/vec4 v0x15af2e5d0_0, 0, 1;
    %delay 10000, 0;
    %load/vec4 v0x15af0d6f0_0;
    %addi 1, 0, 32;
    %store/vec4 v0x15af0d6f0_0, 0, 32;
    %jmp T_2.2;
T_2.3 ;
    %end;
    .scope S_0x15af05a90;
t_2 %join;
    %load/vec4 v0x15af29790_0;
    %addi 1, 0, 32;
    %store/vec4 v0x15af29790_0, 0, 32;
    %jmp T_2.0;
T_2.1 ;
    %end;
    .scope S_0x15af05920;
t_0 %join;
    %delay 100000, 0;
    %vpi_call/w 3 63 "$display", "Finishing Sim" {0 0 0};
    %vpi_call/w 3 64 "$finish" {0 0 0};
    %end;
    .thread T_2;
# The file index is used to find the file name in the following table.
:file_names 5;
    "N/A";
    "<interactive>";
    "-";
    "sim/in_triangle_tb.sv";
    "hdl/in_triangle.sv";
