#-----------------------------------------------------------
# Vivado v2023.1 (64-bit)
# SW Build 3865809 on Sun May  7 15:04:56 MDT 2023
# IP Build 3864474 on Sun May  7 20:36:21 MDT 2023
# SharedData Build 3865790 on Sun May 07 13:33:03 MDT 2023
# Start of session at: Fri Dec  8 15:55:27 2023
# Process ID: 1830482
# Current directory: /home/ryxiao/FPGA-3D
# Command line: vivado -mode batch -source build.tcl
# Log file: /home/ryxiao/FPGA-3D/vivado.log
# Journal file: /home/ryxiao/FPGA-3D/vivado.jou
# Running On: eecs-digital-33, OS: Linux, CPU Frequency: 2683.991 MHz, CPU Physical cores: 16, Host memory: 33318 MB
#-----------------------------------------------------------
source build.tcl
# set partNum xc7s50csga324-1
# set outputDir obj
# file mkdir $outputDir
# set files [glob -nocomplain "$outputDir/*"]
# if {[llength $files] != 0} {
#     # clear folder contents
#     puts "deleting contents of $outputDir"
#     file delete -force {*}[glob -directory $outputDir *];
# } else {
#     puts "$outputDir is empty"
# }
deleting contents of obj
# read_verilog -sv [ glob ./hdl/*.sv ]
# read_verilog  [ glob ./hdl/*.v ]
# read_xdc ./xdc/top_level.xdc
# read_mem [ glob ./data/*.mem ]
# set_part $partNum
INFO: [Coretcl 2-1500] The part has been set to 'xc7s50csga324-1' for the current project only. Run set_part -help for more details. To evaluate different speed grades in the current design, use the set_speed_grade command, or use the open_checkpoint -part command to change the part used by an existing checkpoint design.
# read_ip ./ip/multiplier/multiplier.xci
INFO: [IP_Flow 19-234] Refreshing IP repositories
INFO: [IP_Flow 19-1704] No user IP repositories specified
INFO: [IP_Flow 19-2313] Loaded Vivado IP repository '/tools/Xilinx/Vivado/2023.1/data/ip'.
WARNING: [Vivado 12-13650] The IP file '/home/ryxiao/FPGA-3D/ip/multiplier/multiplier.xci' has been moved from its original location, as a result the outputs for this IP will now be generated in '/home/ryxiao/FPGA-3D/ip/multiplier/ip/multiplier'. Alternatively a copy of the IP can be imported into the project using one of the 'import_ip' or 'import_files' commands.
# read_ip ./ip/adder/adder.xci
WARNING: [Vivado 12-13650] The IP file '/home/ryxiao/FPGA-3D/ip/adder/adder.xci' has been moved from its original location, as a result the outputs for this IP will now be generated in '/home/ryxiao/FPGA-3D/ip/adder/ip/adder'. Alternatively a copy of the IP can be imported into the project using one of the 'import_ip' or 'import_files' commands.
# read_ip ./ip/fifo/fifo.xci
WARNING: [Vivado 12-13650] The IP file '/home/ryxiao/FPGA-3D/ip/fifo/fifo.xci' has been moved from its original location, as a result the outputs for this IP will now be generated in '/home/ryxiao/FPGA-3D/ip/fifo/ip/fifo'. Alternatively a copy of the IP can be imported into the project using one of the 'import_ip' or 'import_files' commands.
# read_ip ./ip/reciprocal/reciprocal.xci
WARNING: [Vivado 12-13650] The IP file '/home/ryxiao/FPGA-3D/ip/reciprocal/reciprocal.xci' has been moved from its original location, as a result the outputs for this IP will now be generated in '/home/ryxiao/FPGA-3D/ip/reciprocal/ip/reciprocal'. Alternatively a copy of the IP can be imported into the project using one of the 'import_ip' or 'import_files' commands.
# read_ip ./ip/float_to_fixed/float_to_fixed.xci
WARNING: [Vivado 12-13650] The IP file '/home/ryxiao/FPGA-3D/ip/float_to_fixed/float_to_fixed.xci' has been moved from its original location, as a result the outputs for this IP will now be generated in '/home/ryxiao/FPGA-3D/ip/float_to_fixed/ip/float_to_fixed'. Alternatively a copy of the IP can be imported into the project using one of the 'import_ip' or 'import_files' commands.
# generate_target all [get_ips]
# synth_ip [get_ips]
INFO: [Vivado 12-3435] The given sub-design is up-to-date, no action was taken.  If a regeneration is desired, use the '-force' option: /home/ryxiao/FPGA-3D/ip/adder/adder.xci
INFO: [Vivado 12-3435] The given sub-design is up-to-date, no action was taken.  If a regeneration is desired, use the '-force' option: /home/ryxiao/FPGA-3D/ip/fifo/fifo.xci
INFO: [Vivado 12-3435] The given sub-design is up-to-date, no action was taken.  If a regeneration is desired, use the '-force' option: /home/ryxiao/FPGA-3D/ip/float_to_fixed/float_to_fixed.xci
INFO: [Vivado 12-3435] The given sub-design is up-to-date, no action was taken.  If a regeneration is desired, use the '-force' option: /home/ryxiao/FPGA-3D/ip/multiplier/multiplier.xci
INFO: [Vivado 12-3435] The given sub-design is up-to-date, no action was taken.  If a regeneration is desired, use the '-force' option: /home/ryxiao/FPGA-3D/ip/reciprocal/reciprocal.xci
INFO: [Vivado 12-3441] generate_netlist_ip - operation complete
# synth_design -top top_level -part $partNum -verbose
Command: synth_design -top top_level -part xc7s50csga324-1 -verbose
Starting synth_design
Attempting to get a license for feature 'Synthesis' and/or device 'xc7s50'
INFO: [Common 17-349] Got license for feature 'Synthesis' and/or device 'xc7s50'
INFO: [Device 21-403] Loading part xc7s50csga324-1
INFO: [Synth 8-7079] Multithreading enabled for synth_design using a maximum of 4 processes.
INFO: [Synth 8-7078] Launching helper process for spawning children vivado processes
INFO: [Synth 8-7075] Helper process launched with PID 1830615
INFO: [Common 17-41] Interrupt caught. Command should exit soon.
1
INFO: [Common 17-83] Releasing license: Synthesis
7 Infos, 0 Warnings, 0 Critical Warnings and 1 Errors encountered.
synth_design failed
INFO: [Common 17-344] 'source' was cancelled
INFO: [Common 17-206] Exiting Vivado at Fri Dec  8 15:55:35 2023...
