#-----------------------------------------------------------
# xsim v2023.1 (64-bit)
# SW Build 3865809 on Sun May  7 15:04:56 MDT 2023
# IP Build 3864474 on Sun May  7 20:36:21 MDT 2023
# SharedData Build 3865790 on Sun May 07 13:33:03 MDT 2023
# Start of session at: Thu Nov 30 14:18:00 2023
# Process ID: 2301378
# Current directory: /home/ryxiao/FPGA-3D
# Command line: xsim -mode tcl -source {xsim.dir/work.recorder_tb/xsim_script.tcl}
# Log file: /home/ryxiao/FPGA-3D/xsim.log
# Journal file: /home/ryxiao/FPGA-3D/xsim.jou
# Running On: eecs-digital-33, OS: Linux, CPU Frequency: 1155.787 MHz, CPU Physical cores: 16, Host memory: 33318 MB
#-----------------------------------------------------------
source xsim.dir/work.recorder_tb/xsim_script.tcl
# xsim {work.recorder_tb} -autoloadwcfg -tclbatch {xsim_run.tcl}
Time resolution is 1 ps
source xsim_run.tcl
## open_vcd
## log_vcd *
INFO: HDL object /recorder_tb/triangle_in is an unpacked array. VCD does not support unpacked array type according to IEEE LRM 1800-2009, section21.7.5.
## run all
ERROR: Could not open vcd file recorder_tb.vcd. A VCD file by name dump.vcd has already been opened. Only one VCD file is allowed to be open.
Starting Sim
Finishing Sim
$finish called at time : 41085 ns : File "/home/ryxiao/FPGA-3D/sim/recorder_tb.sv" Line 58
## flush_vcd
## close_vcd
