Vivado Simulator v2023.1
Copyright 1986-2022 Xilinx, Inc. All Rights Reserved.
Copyright 2022-2023 Advanced Micro Devices, Inc. All Rights Reserved.
Running: /tools/Xilinx/Vivado/2023.1/bin/unwrapped/lnx64.o/xelab --incr --debug typical --relax --mt 8 -L xil_defaultlib -L xbip_utils_v3_0_10 -L axi_utils_v2_0_6 -L xbip_pipe_v3_0_6 -L xbip_dsp48_wrapper_v3_0_4 -L xbip_dsp48_addsub_v3_0_6 -L xbip_dsp48_multadd_v3_0_6 -L xbip_bram18k_v3_0_6 -L mult_gen_v12_0_18 -L floating_point_v7_1_15 -L uvm -L unisims_ver -L unimacro_ver -L secureip -L xpm --snapshot transformation_tb_behav xil_defaultlib.transformation_tb xil_defaultlib.glbl -log elaborate.log 
Using 8 slave threads.
Starting static elaboration
Pass Through NonSizing Optimizer
WARNING: [VRFC 10-5021] port 'scale' is not connected on this instance [/home/ryxiao/FPGA-3D/sim/transformation_tb.sv:28]
Completed static elaboration
Starting simulation data flow analysis
WARNING: [XSIM 43-4099] "/home/ryxiao/FPGA-3D/hdl/transformation.sv" Line 1. Module transformation doesn't have a timescale but at least one module in design has a timescale.
WARNING: [XSIM 43-4099] "/home/ryxiao/FPGA-3D/hdl/transformation.sv" Line 1. Module transformation doesn't have a timescale but at least one module in design has a timescale.
Completed simulation data flow analysis
Time Resolution for simulation is 1ps
Compiling package std.standard
Compiling package std.textio
Compiling package ieee.std_logic_1164
Compiling package floating_point_v7_1_15.floating_point_v7_1_15_viv_comp
Compiling package ieee.numeric_std
Compiling package xbip_utils_v3_0_10.xbip_utils_v3_0_10_pkg
Compiling package axi_utils_v2_0_6.axi_utils_v2_0_6_pkg
Compiling package floating_point_v7_1_15.floating_point_v7_1_15_consts
Compiling package ieee.math_real
Compiling package floating_point_v7_1_15.floating_point_v7_1_15_exp_table...
Compiling package mult_gen_v12_0_18.mult_gen_v12_0_18_pkg
Compiling package ieee.std_logic_arith
Compiling package ieee.std_logic_signed
Compiling package floating_point_v7_1_15.floating_point_v7_1_15_pkg
Compiling package floating_point_v7_1_15.flt_utils
Compiling package xbip_pipe_v3_0_6.xbip_pipe_v3_0_6_viv_comp
Compiling package unisim.vcomponents
Compiling package ieee.vital_timing
Compiling package ieee.vital_primitives
Compiling package unisim.vpkg
Compiling architecture xilinx of entity axi_utils_v2_0_6.axi_slave_2to1 [\axi_slave_2to1(c_a_tdata_width=...]
Compiling architecture muxcy_v of entity unisim.MUXCY [muxcy_default]
Compiling architecture synth of entity xbip_pipe_v3_0_6.xbip_pipe_v3_0_6_viv [\xbip_pipe_v3_0_6_viv(c_has_ce=1...]
Compiling architecture rtl of entity floating_point_v7_1_15.delay [\delay(width=7,length=0)\]
Compiling architecture struct of entity floating_point_v7_1_15.carry_chain [\carry_chain(c_xdevicefamily="sp...]
Compiling architecture synth of entity floating_point_v7_1_15.compare_eq_im [\compare_eq_im(c_xdevicefamily="...]
Compiling architecture xorcy_v of entity unisim.XORCY [xorcy_default]
Compiling architecture fdre_v of entity unisim.FDRE [fdre_default]
Compiling architecture fde_v of entity unisim.FDE [fde_default]
Compiling architecture struct of entity floating_point_v7_1_15.carry_chain [\carry_chain(c_xdevicefamily="sp...]
Compiling architecture synth of entity xbip_pipe_v3_0_6.xbip_pipe_v3_0_6_viv [\xbip_pipe_v3_0_6_viv(c_has_ce=1...]
Compiling architecture rtl of entity floating_point_v7_1_15.delay [\delay(length=0)\]
Compiling architecture synth of entity xbip_pipe_v3_0_6.xbip_pipe_v3_0_6_viv [\xbip_pipe_v3_0_6_viv(c_latency=...]
Compiling architecture rtl of entity floating_point_v7_1_15.delay [\delay(width=24,length=2,fast_in...]
Compiling architecture synth of entity xbip_pipe_v3_0_6.xbip_pipe_v3_0_6_viv [\xbip_pipe_v3_0_6_viv(c_latency=...]
Compiling architecture rtl of entity floating_point_v7_1_15.delay [\delay(width=16)\]
Compiling architecture synth of entity xbip_pipe_v3_0_6.xbip_pipe_v3_0_6_viv [\xbip_pipe_v3_0_6_viv(c_latency=...]
Compiling architecture rtl of entity floating_point_v7_1_15.delay [delay_default]
Compiling architecture synth of entity xbip_pipe_v3_0_6.xbip_pipe_v3_0_6_viv [\xbip_pipe_v3_0_6_viv(c_latency=...]
Compiling architecture rtl of entity floating_point_v7_1_15.delay [\delay(length=2)\]
Compiling architecture dsp48e1_v of entity unisim.DSP48E1 [\DSP48E1(mask="11111111000000000...]
Compiling architecture synth of entity xbip_pipe_v3_0_6.xbip_pipe_v3_0_6_viv [\xbip_pipe_v3_0_6_viv(c_has_ce=1...]
Compiling architecture rtl of entity floating_point_v7_1_15.delay [\delay(width=4,length=0)\]
Compiling architecture synth of entity xbip_pipe_v3_0_6.xbip_pipe_v3_0_6_viv [\xbip_pipe_v3_0_6_viv(c_has_ce=1...]
Compiling architecture rtl of entity floating_point_v7_1_15.delay [\delay(width=48,length=0)\]
Compiling architecture synth of entity xbip_pipe_v3_0_6.xbip_pipe_v3_0_6_viv [\xbip_pipe_v3_0_6_viv(c_has_ce=1...]
Compiling architecture rtl of entity floating_point_v7_1_15.delay [\delay(width=24,length=0)\]
Compiling architecture synth of entity xbip_pipe_v3_0_6.xbip_pipe_v3_0_6_viv [\xbip_pipe_v3_0_6_viv(c_has_ce=1...]
Compiling architecture rtl of entity floating_point_v7_1_15.delay [\delay(width=16,length=0)\]
Compiling architecture rtl of entity floating_point_v7_1_15.dsp48e1_wrapper [\dsp48e1_wrapper(c_part="xc7s50c...]
Compiling architecture synth of entity xbip_pipe_v3_0_6.xbip_pipe_v3_0_6_viv [\xbip_pipe_v3_0_6_viv(c_latency=...]
Compiling architecture rtl of entity floating_point_v7_1_15.delay [\delay(length=3)\]
Compiling architecture synth of entity xbip_pipe_v3_0_6.xbip_pipe_v3_0_6_viv [\xbip_pipe_v3_0_6_viv(c_has_ce=1...]
Compiling architecture rtl of entity floating_point_v7_1_15.delay [\delay(width=13,length=0)\]
Compiling architecture synth of entity xbip_pipe_v3_0_6.xbip_pipe_v3_0_6_viv [\xbip_pipe_v3_0_6_viv(c_has_ce=1...]
Compiling architecture rtl of entity floating_point_v7_1_15.delay [\delay(width=27,length=0)\]
Compiling architecture synth of entity floating_point_v7_1_15.align_add_dsp48e1_sgl [\align_add_dsp48e1_sgl(c_xdevice...]
Compiling architecture lut5_v of entity unisim.LUT5 [\LUT5(init="00000000000000001111...]
Compiling architecture lut5_v of entity unisim.LUT5 [\LUT5(init="00000000000000000000...]
Compiling architecture synth of entity xbip_pipe_v3_0_6.xbip_pipe_v3_0_6_viv [\xbip_pipe_v3_0_6_viv(c_latency=...]
Compiling architecture rtl of entity floating_point_v7_1_15.delay [\delay(width=27)\]
Compiling architecture synth of entity xbip_pipe_v3_0_6.xbip_pipe_v3_0_6_viv [\xbip_pipe_v3_0_6_viv(c_latency=...]
Compiling architecture rtl of entity floating_point_v7_1_15.delay [\delay(width=5)\]
Compiling architecture rtl of entity floating_point_v7_1_15.lead_zero_encode_shift [\lead_zero_encode_shift(ab_fw=24...]
Compiling architecture synth of entity xbip_pipe_v3_0_6.xbip_pipe_v3_0_6_viv [\xbip_pipe_v3_0_6_viv(c_latency=...]
Compiling architecture rtl of entity floating_point_v7_1_15.delay [\delay(width=4)\]
Compiling architecture synth of entity xbip_pipe_v3_0_6.xbip_pipe_v3_0_6_viv [\xbip_pipe_v3_0_6_viv(c_latency=...]
Compiling architecture rtl of entity floating_point_v7_1_15.delay [\delay(width=3)\]
Compiling architecture lut6_v of entity unisim.LUT6 [\LUT6(init="11111110010101001011...]
Compiling architecture lut5_v of entity unisim.LUT5 [\LUT5(init="00010001010111110000...]
Compiling architecture lut5_v of entity unisim.LUT5 [\LUT5(init="11101110101000001111...]
Compiling architecture synth of entity xbip_pipe_v3_0_6.xbip_pipe_v3_0_6_viv [\xbip_pipe_v3_0_6_viv(c_latency=...]
Compiling architecture rtl of entity floating_point_v7_1_15.delay [\delay(width=2,length=2)\]
Compiling architecture dsp48e1_v of entity unisim.DSP48E1 [\DSP48E1(acascreg=2,adreg=0,areg...]
Compiling architecture synth of entity xbip_pipe_v3_0_6.xbip_pipe_v3_0_6_viv [\xbip_pipe_v3_0_6_viv(c_has_ce=1...]
Compiling architecture rtl of entity floating_point_v7_1_15.delay [\delay(width=25,length=0)\]
Compiling architecture rtl of entity floating_point_v7_1_15.dsp48e1_wrapper [\dsp48e1_wrapper(a_width=24,c_wi...]
Compiling architecture rtl of entity floating_point_v7_1_15.norm_and_round_dsp48e1_sgl [\norm_and_round_dsp48e1_sgl(c_mu...]
Compiling architecture lut5_v of entity unisim.LUT5 [\LUT5(init="10011001100110011001...]
Compiling architecture lut5_v of entity unisim.LUT5 [\LUT5(init="11111111000000001111...]
Compiling architecture synth of entity xbip_pipe_v3_0_6.xbip_pipe_v3_0_6_viv [\xbip_pipe_v3_0_6_viv(c_has_ce=1...]
Compiling architecture rtl of entity floating_point_v7_1_15.delay [\delay(width=9,length=0)\]
Compiling architecture struct of entity floating_point_v7_1_15.carry_chain [\carry_chain(c_xdevicefamily="sp...]
Compiling architecture synth of entity xbip_pipe_v3_0_6.xbip_pipe_v3_0_6_viv [\xbip_pipe_v3_0_6_viv(c_latency=...]
Compiling architecture rtl of entity floating_point_v7_1_15.delay [\delay(width=9)\]
Compiling architecture synth of entity xbip_pipe_v3_0_6.xbip_pipe_v3_0_6_viv [\xbip_pipe_v3_0_6_viv(c_latency=...]
Compiling architecture rtl of entity floating_point_v7_1_15.delay [\delay(width=9,length=5)\]
Compiling architecture synth of entity xbip_pipe_v3_0_6.xbip_pipe_v3_0_6_viv [\xbip_pipe_v3_0_6_viv(c_latency=...]
Compiling architecture rtl of entity floating_point_v7_1_15.delay [\delay(width=10)\]
Compiling architecture synth of entity xbip_pipe_v3_0_6.xbip_pipe_v3_0_6_viv [\xbip_pipe_v3_0_6_viv(c_latency=...]
Compiling architecture rtl of entity floating_point_v7_1_15.delay [\delay(width=4,fast_input=true)\]
Compiling architecture synth of entity xbip_pipe_v3_0_6.xbip_pipe_v3_0_6_viv [\xbip_pipe_v3_0_6_viv(c_has_ce=1...]
Compiling architecture rtl of entity floating_point_v7_1_15.delay [\delay(width=8,length=0)\]
Compiling architecture struct of entity floating_point_v7_1_15.carry_chain [\carry_chain(c_xdevicefamily="sp...]
Compiling architecture synth of entity floating_point_v7_1_15.compare_eq_im [\compare_eq_im(c_xdevicefamily="...]
Compiling architecture synth of entity xbip_pipe_v3_0_6.xbip_pipe_v3_0_6_viv [\xbip_pipe_v3_0_6_viv(c_latency=...]
Compiling architecture rtl of entity floating_point_v7_1_15.delay [\delay(fast_input=true)\]
Compiling architecture rtl of entity floating_point_v7_1_15.special_detect [\special_detect(c_xdevicefamily=...]
Compiling architecture struct of entity floating_point_v7_1_15.carry_chain [\carry_chain(c_xdevicefamily="sp...]
Compiling architecture synth of entity floating_point_v7_1_15.compare_gt [\compare_gt(c_xdevicefamily="spa...]
Compiling architecture synth of entity floating_point_v7_1_15.compare [\compare(c_xdevicefamily="sparta...]
Compiling architecture synth of entity xbip_pipe_v3_0_6.xbip_pipe_v3_0_6_viv [\xbip_pipe_v3_0_6_viv(c_latency=...]
Compiling architecture rtl of entity floating_point_v7_1_15.delay [\delay(width=8)\]
Compiling architecture synth of entity xbip_pipe_v3_0_6.xbip_pipe_v3_0_6_viv [\xbip_pipe_v3_0_6_viv(c_latency=...]
Compiling architecture rtl of entity floating_point_v7_1_15.delay [\delay(width=2,length=8,fast_inp...]
Compiling architecture synth of entity xbip_pipe_v3_0_6.xbip_pipe_v3_0_6_viv [\xbip_pipe_v3_0_6_viv(c_latency=...]
Compiling architecture rtl of entity floating_point_v7_1_15.delay [\delay(length=9,fast_input=true)...]
Compiling architecture synth of entity xbip_pipe_v3_0_6.xbip_pipe_v3_0_6_viv [\xbip_pipe_v3_0_6_viv(c_latency=...]
Compiling architecture rtl of entity floating_point_v7_1_15.delay [\delay(length=8,fast_input=true)...]
Compiling architecture synth of entity xbip_pipe_v3_0_6.xbip_pipe_v3_0_6_viv [\xbip_pipe_v3_0_6_viv(c_latency=...]
Compiling architecture rtl of entity floating_point_v7_1_15.delay [\delay(length=3,fast_input=true)...]
Compiling architecture synth of entity xbip_pipe_v3_0_6.xbip_pipe_v3_0_6_viv [\xbip_pipe_v3_0_6_viv(c_has_ce=1...]
Compiling architecture rtl of entity floating_point_v7_1_15.delay [\delay(width=2,length=0,fast_inp...]
Compiling architecture synth of entity xbip_pipe_v3_0_6.xbip_pipe_v3_0_6_viv [\xbip_pipe_v3_0_6_viv(c_latency=...]
Compiling architecture rtl of entity floating_point_v7_1_15.delay [\delay(width=12)\]
Compiling architecture rtl of entity floating_point_v7_1_15.flt_add_exp_sp [\flt_add_exp_sp(c_xdevicefamily=...]
Compiling architecture synth of entity xbip_pipe_v3_0_6.xbip_pipe_v3_0_6_viv [\xbip_pipe_v3_0_6_viv(c_latency=...]
Compiling architecture rtl of entity floating_point_v7_1_15.delay [\delay(width=23)\]
Compiling architecture synth of entity floating_point_v7_1_15.flt_dec_op [\flt_dec_op(c_xdevicefamily="spa...]
Compiling architecture rtl of entity floating_point_v7_1_15.flt_add_dsp [\flt_add_dsp(c_xdevicefamily="sp...]
Compiling architecture rtl of entity floating_point_v7_1_15.flt_add [\flt_add(c_xdevicefamily="sparta...]
Compiling module unisims_ver.x_lut1_mux2
Compiling module unisims_ver.LUT1
Compiling architecture synth of entity xbip_pipe_v3_0_6.xbip_pipe_v3_0_6_viv [\xbip_pipe_v3_0_6_viv(c_latency=...]
Compiling architecture synth of entity xbip_pipe_v3_0_6.xbip_pipe_v3_0_6_viv [\xbip_pipe_v3_0_6_viv(c_has_ce=1...]
Compiling architecture rtl of entity floating_point_v7_1_15.delay [\delay(width=32,length=0)\]
Compiling architecture xilinx of entity floating_point_v7_1_15.floating_point_v7_1_15_viv [\floating_point_v7_1_15_viv(c_xd...]
Compiling architecture xilinx of entity floating_point_v7_1_15.floating_point_v7_1_15 [\floating_point_v7_1_15(c_xdevic...]
Compiling module xil_defaultlib.adder
Compiling module xil_defaultlib.transformation
Compiling module xil_defaultlib.transformation_tb
Compiling module xil_defaultlib.glbl
Built simulation snapshot transformation_tb_behav
