Copyright 1986-2022 Xilinx, Inc. All Rights Reserved. Copyright 2022-2023 Advanced Micro Devices, Inc. All Rights Reserved.
-------------------------------------------------------------------------------------------------------------------------------------------------
| Tool Version     : Vivado v.2023.1 (lin64) Build 3865809 Sun May  7 15:04:56 MDT 2023
| Date             : Thu Dec 14 01:45:49 2023
| Host             : worker running 64-bit Ubuntu 20.04.6 LTS
| Command          : report_power -file obj/post_route_power.rpt
| Design           : top_level
| Device           : xc7s50csga324-1
| Design State     : routed
| Grade            : commercial
| Process          : typical
| Characterization : Production
-------------------------------------------------------------------------------------------------------------------------------------------------

Power Report

Table of Contents
-----------------
1. Summary
1.1 On-Chip Components
1.2 Power Supply Summary
1.3 Confidence Level
2. Settings
2.1 Environment
2.2 Clock Constraints
3. Detailed Reports
3.1 By Hierarchy

1. Summary
----------

+--------------------------+--------------+
| Total On-Chip Power (W)  | 0.444        |
| Design Power Budget (W)  | Unspecified* |
| Power Budget Margin (W)  | NA           |
| Dynamic (W)              | 0.370        |
| Device Static (W)        | 0.073        |
| Effective TJA (C/W)      | 4.9          |
| Max Ambient (C)          | 82.8         |
| Junction Temperature (C) | 27.2         |
| Confidence Level         | Low          |
| Setting File             | ---          |
| Simulation Activity File | ---          |
| Design Nets Matched      | NA           |
+--------------------------+--------------+
* Specify Design Power Budget using, set_operating_conditions -design_power_budget <value in Watts>


1.1 On-Chip Components
----------------------

+-------------------------+-----------+----------+-----------+-----------------+
| On-Chip                 | Power (W) | Used     | Available | Utilization (%) |
+-------------------------+-----------+----------+-----------+-----------------+
| Clocks                  |     0.013 |        6 |       --- |             --- |
| Slice Logic             |     0.013 |     8526 |       --- |             --- |
|   LUT as Logic          |     0.009 |     2281 |     32600 |            7.00 |
|   LUT as Shift Register |     0.002 |      271 |      9600 |            2.82 |
|   Register              |     0.001 |     4011 |     65200 |            6.15 |
|   CARRY4                |    <0.001 |      267 |      8150 |            3.28 |
|   F7/F8 Muxes           |    <0.001 |        7 |     32600 |            0.02 |
|   Others                |     0.000 |      830 |       --- |             --- |
| Signals                 |     0.021 |     6383 |       --- |             --- |
| Block RAM               |     0.010 |       16 |        75 |           21.33 |
| MMCM                    |     0.105 |        1 |         5 |           20.00 |
| DSPs                    |     0.029 |       45 |       120 |           37.50 |
| I/O                     |     0.178 |       42 |       210 |           20.00 |
| Static Power            |     0.073 |          |           |                 |
| Total                   |     0.444 |          |           |                 |
+-------------------------+-----------+----------+-----------+-----------------+


1.2 Power Supply Summary
------------------------

+-----------+-------------+-----------+-------------+------------+-------------+-------------+------------+
| Source    | Voltage (V) | Total (A) | Dynamic (A) | Static (A) | Powerup (A) | Budget (A)  | Margin (A) |
+-----------+-------------+-----------+-------------+------------+-------------+-------------+------------+
| Vccint    |       1.000 |     0.099 |       0.089 |      0.011 |       NA    | Unspecified | NA         |
| Vccaux    |       1.800 |     0.073 |       0.060 |      0.013 |       NA    | Unspecified | NA         |
| Vcco33    |       3.300 |     0.053 |       0.052 |      0.001 |       NA    | Unspecified | NA         |
| Vcco25    |       2.500 |     0.000 |       0.000 |      0.000 |       NA    | Unspecified | NA         |
| Vcco18    |       1.800 |     0.000 |       0.000 |      0.000 |       NA    | Unspecified | NA         |
| Vcco15    |       1.500 |     0.000 |       0.000 |      0.000 |       NA    | Unspecified | NA         |
| Vcco135   |       1.350 |     0.000 |       0.000 |      0.000 |       NA    | Unspecified | NA         |
| Vcco12    |       1.200 |     0.000 |       0.000 |      0.000 |       NA    | Unspecified | NA         |
| Vccaux_io |       1.800 |     0.000 |       0.000 |      0.000 |       NA    | Unspecified | NA         |
| Vccbram   |       1.000 |     0.001 |       0.001 |      0.001 |       NA    | Unspecified | NA         |
| Vccadc    |       1.800 |     0.020 |       0.000 |      0.020 |       NA    | Unspecified | NA         |
+-----------+-------------+-----------+-------------+------------+-------------+-------------+------------+


1.3 Confidence Level
--------------------

+-----------------------------+------------+--------------------------------------------------------+------------------------------------------------------------------------------------------------------------+
| User Input Data             | Confidence | Details                                                | Action                                                                                                     |
+-----------------------------+------------+--------------------------------------------------------+------------------------------------------------------------------------------------------------------------+
| Design implementation state | High       | Design is routed                                       |                                                                                                            |
| Clock nodes activity        | High       | User specified more than 95% of clocks                 |                                                                                                            |
| I/O nodes activity          | Low        | More than 75% of inputs are missing user specification | Provide missing input activity with simulation results or by editing the "By Resource Type -> I/Os" view   |
| Internal nodes activity     | Medium     | User specified less than 25% of internal nodes         | Provide missing internal nodes activity with simulation results or by editing the "By Resource Type" views |
| Device models               | High       | Device models are Production                           |                                                                                                            |
|                             |            |                                                        |                                                                                                            |
| Overall confidence level    | Low        |                                                        |                                                                                                            |
+-----------------------------+------------+--------------------------------------------------------+------------------------------------------------------------------------------------------------------------+


2. Settings
-----------

2.1 Environment
---------------

+-----------------------+--------------------------+
| Ambient Temp (C)      | 25.0                     |
| ThetaJA (C/W)         | 4.9                      |
| Airflow (LFM)         | 250                      |
| Heat Sink             | medium (Medium Profile)  |
| ThetaSA (C/W)         | 4.6                      |
| Board Selection       | medium (10"x10")         |
| # of Board Layers     | 12to15 (12 to 15 Layers) |
| Board Temperature (C) | 25.0                     |
+-----------------------+--------------------------+


2.2 Clock Constraints
---------------------

+---------------------+-----------------------------+-----------------+
| Clock               | Domain                      | Constraint (ns) |
+---------------------+-----------------------------+-----------------+
| clk_pixel_clk_wiz_0 | mhdmicw/clk_pixel_clk_wiz_0 |            13.5 |
| clk_tmds_clk_wiz_0  | mhdmicw/clk_tmds_clk_wiz_0  |             2.7 |
| clkfbout_clk_wiz_0  | mhdmicw/clkfbout_clk_wiz_0  |            50.0 |
| gclk                | clk_100mhz                  |            10.0 |
+---------------------+-----------------------------+-----------------+


3. Detailed Reports
-------------------

3.1 By Hierarchy
----------------

+---------------+-----------+
| Name          | Power (W) |
+---------------+-----------+
| top_level     |     0.370 |
|   mhdmicw     |     0.105 |
|   rast        |     0.026 |
|     intri     |     0.010 |
|     z_buffer0 |     0.009 |
|     z_buffer1 |     0.006 |
|   tp1         |     0.019 |
|     pro       |     0.004 |
|       inst    |     0.004 |
|     rec       |     0.011 |
|       inst    |     0.011 |
|     round     |     0.002 |
|       inst    |     0.002 |
|   tp2         |     0.019 |
|     pro       |     0.004 |
|       inst    |     0.004 |
|     rec       |     0.011 |
|       inst    |     0.011 |
|     round     |     0.002 |
|       inst    |     0.002 |
|   tp3         |     0.019 |
|     pro       |     0.005 |
|       inst    |     0.005 |
|     rec       |     0.011 |
|       inst    |     0.011 |
|     round     |     0.002 |
|       inst    |     0.002 |
+---------------+-----------+


