Copyright 1986-2022 Xilinx, Inc. All Rights Reserved. Copyright 2022-2023 Advanced Micro Devices, Inc. All Rights Reserved.
---------------------------------------------------------------------------------------------------------------------------------------------
| Tool Version : Vivado v.2023.1 (lin64) Build 3865809 Sun May  7 15:04:56 MDT 2023
| Date         : Tue Dec  5 04:38:43 2023
| Host         : worker running 64-bit Ubuntu 20.04.6 LTS
| Command      : report_timing -file obj/post_place_timing.rpt
| Design       : top_level
| Device       : 7s50-csga324
| Speed File   : -1  PRODUCTION 1.23 2018-06-13
| Design State : Fully Placed
---------------------------------------------------------------------------------------------------------------------------------------------

Timing Report

Slack (MET) :             6.323ns  (required time - arrival time)
  Source:                 mvg/hcount_out_reg[6]/C
                            (rising edge-triggered cell FDRE clocked by clk_pixel_clk_wiz_0  {rise@0.000ns fall@6.734ns period=13.468ns})
  Destination:            rast/z_buffer0/BRAM_reg_0_9/ENBWREN
                            (rising edge-triggered cell RAMB36E1 clocked by clk_pixel_clk_wiz_0  {rise@0.000ns fall@6.734ns period=13.468ns})
  Path Group:             clk_pixel_clk_wiz_0
  Path Type:              Setup (Max at Slow Process Corner)
  Requirement:            13.468ns  (clk_pixel_clk_wiz_0 rise@13.468ns - clk_pixel_clk_wiz_0 rise@0.000ns)
  Data Path Delay:        6.323ns  (logic 2.842ns (44.947%)  route 3.481ns (55.053%))
  Logic Levels:           3  (DSP48E1=1 LUT3=1 LUT5=1)
  Clock Path Skew:        0.005ns (DCD - SCD + CPR)
    Destination Clock Delay (DCD):    -1.567ns = ( 11.901 - 13.468 ) 
    Source Clock Delay      (SCD):    -1.020ns
    Clock Pessimism Removal (CPR):    0.553ns
  Clock Uncertainty:      0.168ns  ((TSJ^2 + DJ^2)^1/2) / 2 + PE
    Total System Jitter     (TSJ):    0.071ns
    Discrete Jitter          (DJ):    0.329ns
    Phase Error              (PE):    0.000ns

    Location             Delay type                Incr(ns)  Path(ns)    Netlist Resource(s)
  -------------------------------------------------------------------    -------------------
                         (clock clk_pixel_clk_wiz_0 rise edge)
                                                      0.000     0.000 r  
    N15                                               0.000     0.000 r  clk_100mhz (IN)
                         net (fo=0)                   0.000     0.000    mhdmicw/clk_100mhz
    N15                  IBUF (Prop_ibuf_I_O)         1.440     1.440 r  mhdmicw/clkin1_ibufg/O
                         net (fo=1, estimated)        1.233     2.673    mhdmicw/clk_ref_clk_wiz_0
    MMCME2_ADV_X0Y0      MMCME2_ADV (Prop_mmcme2_adv_CLKIN1_CLKOUT0)
                                                     -7.025    -4.352 r  mhdmicw/mmcm_adv_inst/CLKOUT0
                         net (fo=1, estimated)        1.666    -2.686    mhdmicw/clk_pixel_clk_wiz_0
    BUFGCTRL_X0Y0        BUFG (Prop_bufg_I_O)         0.096    -2.590 r  mhdmicw/clkout1_buf/O
                         net (fo=131, estimated)      1.570    -1.020    mvg/clk_pixel
    SLICE_X12Y7          FDRE                                         r  mvg/hcount_out_reg[6]/C
  -------------------------------------------------------------------    -------------------
    SLICE_X12Y7          FDRE (Prop_fdre_C_Q)         0.518    -0.502 r  mvg/hcount_out_reg[6]/Q
                         net (fo=6, estimated)        0.996     0.494    mvg/hcount[6]
    SLICE_X12Y8          LUT5 (Prop_lut5_I4_O)        0.150     0.644 r  mvg/p_1_out_i_3/O
                         net (fo=1, estimated)        0.688     1.332    rast/C[6]
    DSP48_X0Y4           DSP48E1 (Prop_dsp48e1_C[6]_P[15])
                                                      2.024     3.356 f  rast/p_1_out/P[15]
                         net (fo=6, estimated)        0.975     4.331    rast/z_buffer0/P[15]
    SLICE_X8Y12          LUT3 (Prop_lut3_I0_O)        0.150     4.481 f  rast/z_buffer0/BRAM_reg_0_9_ENBWREN_cooolgate_en_gate_7/O
                         net (fo=1, estimated)        0.822     5.303    rast/z_buffer0/BRAM_reg_0_9_ENBWREN_cooolgate_en_sig_7
    RAMB36_X0Y0          RAMB36E1                                     r  rast/z_buffer0/BRAM_reg_0_9/ENBWREN  (IS_INVERTED)
  -------------------------------------------------------------------    -------------------

                         (clock clk_pixel_clk_wiz_0 rise edge)
                                                     13.468    13.468 r  
    N15                                               0.000    13.468 r  clk_100mhz (IN)
                         net (fo=0)                   0.000    13.468    mhdmicw/clk_100mhz
    N15                  IBUF (Prop_ibuf_I_O)         1.370    14.838 r  mhdmicw/clkin1_ibufg/O
                         net (fo=1, estimated)        1.171    16.010    mhdmicw/clk_ref_clk_wiz_0
    MMCME2_ADV_X0Y0      MMCME2_ADV (Prop_mmcme2_adv_CLKIN1_CLKOUT0)
                                                     -7.279     8.731 r  mhdmicw/mmcm_adv_inst/CLKOUT0
                         net (fo=1, estimated)        1.583    10.314    mhdmicw/clk_pixel_clk_wiz_0
    BUFGCTRL_X0Y0        BUFG (Prop_bufg_I_O)         0.091    10.405 r  mhdmicw/clkout1_buf/O
                         net (fo=131, estimated)      1.496    11.901    rast/z_buffer0/clk_pixel
    RAMB36_X0Y0          RAMB36E1                                     r  rast/z_buffer0/BRAM_reg_0_9/CLKBWRCLK
                         clock pessimism              0.553    12.454    
                         clock uncertainty           -0.168    12.286    
    RAMB36_X0Y0          RAMB36E1 (Setup_ramb36e1_CLKBWRCLK_ENBWREN)
                                                     -0.659    11.627    rast/z_buffer0/BRAM_reg_0_9
  -------------------------------------------------------------------
                         required time                         11.627    
                         arrival time                          -5.303    
  -------------------------------------------------------------------
                         slack                                  6.323    




