Copyright 1986-2022 Xilinx, Inc. All Rights Reserved. Copyright 2022-2023 Advanced Micro Devices, Inc. All Rights Reserved.
---------------------------------------------------------------------------------------------------------------------------------------------
| Tool Version : Vivado v.2023.1 (lin64) Build 3865809 Sun May  7 15:04:56 MDT 2023
| Date         : Wed Dec 13 17:53:18 2023
| Host         : eecs-digital-33 running 64-bit Ubuntu 22.04.3 LTS
| Command      : report_timing -file obj/post_synth_timing.rpt
| Design       : top_level
| Device       : 7s50-csga324
| Speed File   : -1  PRODUCTION 1.23 2018-06-13
| Design State : Synthesized
---------------------------------------------------------------------------------------------------------------------------------------------

Timing Report

Slack (MET) :             5.221ns  (required time - arrival time)
  Source:                 rast/z_buffer0/output_register.doutb_reg_reg[10]/C
                            (rising edge-triggered cell FDRE clocked by clk_pixel_clk_wiz_0  {rise@0.000ns fall@6.734ns period=13.468ns})
  Destination:            tmds_red/tally_reg[4]/D
                            (rising edge-triggered cell FDRE clocked by clk_pixel_clk_wiz_0  {rise@0.000ns fall@6.734ns period=13.468ns})
  Path Group:             clk_pixel_clk_wiz_0
  Path Type:              Setup (Max at Slow Process Corner)
  Requirement:            13.468ns  (clk_pixel_clk_wiz_0 rise@13.468ns - clk_pixel_clk_wiz_0 rise@0.000ns)
  Data Path Delay:        7.963ns  (logic 1.515ns (19.025%)  route 6.448ns (80.975%))
  Logic Levels:           7  (LUT4=1 LUT5=1 LUT6=5)
  Clock Path Skew:        -0.145ns (DCD - SCD + CPR)
    Destination Clock Delay (DCD):    -2.063ns = ( 11.405 - 13.468 ) 
    Source Clock Delay      (SCD):    -1.388ns
    Clock Pessimism Removal (CPR):    0.530ns
  Clock Uncertainty:      0.168ns  ((TSJ^2 + DJ^2)^1/2) / 2 + PE
    Total System Jitter     (TSJ):    0.071ns
    Discrete Jitter          (DJ):    0.329ns
    Phase Error              (PE):    0.000ns

    Location             Delay type                Incr(ns)  Path(ns)    Netlist Resource(s)
  -------------------------------------------------------------------    -------------------
                         (clock clk_pixel_clk_wiz_0 rise edge)
                                                      0.000     0.000 r  
    N15                                               0.000     0.000 r  clk_100mhz (IN)
                         net (fo=0)                   0.000     0.000    mhdmicw/clk_100mhz
    N15                  IBUF (Prop_ibuf_I_O)         1.440     1.440 r  mhdmicw/clkin1_ibufg/O
                         net (fo=1, unplaced)         0.584     2.024    mhdmicw/clk_ref_clk_wiz_0
                         MMCME2_ADV (Prop_mmcme2_adv_CLKIN1_CLKOUT0)
                                                     -5.108    -3.083 r  mhdmicw/mmcm_adv_inst/CLKOUT0
                         net (fo=1, unplaced)         0.800    -2.284    mhdmicw/clk_pixel_clk_wiz_0
                         BUFG (Prop_bufg_I_O)         0.096    -2.188 r  mhdmicw/clkout1_buf/O
                         net (fo=5308, unplaced)      0.800    -1.388    rast/z_buffer0/clk_pixel
                         FDRE                                         r  rast/z_buffer0/output_register.doutb_reg_reg[10]/C
  -------------------------------------------------------------------    -------------------
                         FDRE (Prop_fdre_C_Q)         0.456    -0.932 r  rast/z_buffer0/output_register.doutb_reg_reg[10]/Q
                         net (fo=37, unplaced)        1.040     0.108    rast/z_buffer0/gray[1]
                         LUT6 (Prop_lut6_I0_O)        0.295     0.403 f  rast/z_buffer0/tmds_out[8]_i_3/O
                         net (fo=2, unplaced)         0.975     1.378    rast/z_buffer0/tmds_out[8]_i_3_n_0
                         LUT6 (Prop_lut6_I0_O)        0.124     1.502 r  rast/z_buffer0/tmds_out[8]_i_2/O
                         net (fo=42, unplaced)        0.980     2.482    rast/z_buffer0/output_register.doutb_reg_reg[10]_0
                         LUT6 (Prop_lut6_I2_O)        0.124     2.606 r  rast/z_buffer0/tally[2]_i_6__0/O
                         net (fo=13, unplaced)        1.161     3.767    rast/z_buffer0/tally[2]_i_6__0_n_0
                         LUT6 (Prop_lut6_I0_O)        0.124     3.891 r  rast/z_buffer0/tally[2]_i_10/O
                         net (fo=5, unplaced)         0.477     4.368    rast/z_buffer0/tally[2]_i_10_n_0
                         LUT4 (Prop_lut4_I3_O)        0.118     4.486 r  rast/z_buffer0/tally[4]_i_21/O
                         net (fo=2, unplaced)         0.913     5.399    rast/z_buffer0/tally[4]_i_21_n_0
                         LUT5 (Prop_lut5_I2_O)        0.150     5.549 r  rast/z_buffer0/tally[4]_i_6__0/O
                         net (fo=1, unplaced)         0.902     6.451    rast/z_buffer0/tally[4]_i_6__0_n_0
                         LUT6 (Prop_lut6_I2_O)        0.124     6.575 r  rast/z_buffer0/tally[4]_i_2/O
                         net (fo=1, unplaced)         0.000     6.575    tmds_red/D[3]
                         FDRE                                         r  tmds_red/tally_reg[4]/D
  -------------------------------------------------------------------    -------------------

                         (clock clk_pixel_clk_wiz_0 rise edge)
                                                     13.468    13.468 r  
    N15                                               0.000    13.468 r  clk_100mhz (IN)
                         net (fo=0)                   0.000    13.468    mhdmicw/clk_100mhz
    N15                  IBUF (Prop_ibuf_I_O)         1.370    14.838 r  mhdmicw/clkin1_ibufg/O
                         net (fo=1, unplaced)         0.439    15.277    mhdmicw/clk_ref_clk_wiz_0
                         MMCME2_ADV (Prop_mmcme2_adv_CLKIN1_CLKOUT0)
                                                     -5.378     9.899 r  mhdmicw/mmcm_adv_inst/CLKOUT0
                         net (fo=1, unplaced)         0.760    10.659    mhdmicw/clk_pixel_clk_wiz_0
                         BUFG (Prop_bufg_I_O)         0.091    10.750 r  mhdmicw/clkout1_buf/O
                         net (fo=5308, unplaced)      0.655    11.405    tmds_red/clk_pixel
                         FDRE                                         r  tmds_red/tally_reg[4]/C
                         clock pessimism              0.530    11.935    
                         clock uncertainty           -0.168    11.767    
                         FDRE (Setup_fdre_C_D)        0.029    11.796    tmds_red/tally_reg[4]
  -------------------------------------------------------------------
                         required time                         11.796    
                         arrival time                          -6.575    
  -------------------------------------------------------------------
                         slack                                  5.221    




